<!DOCTYPE html>
<html lang="en" class="no-js">

  <head>
    <meta charset="UTF-8" />
    <meta name="viewport" content="width=device-width, initial-scale=1.0" />
    <title>Insegel Demo -- failed to build</title>

    <link rel="stylesheet" href="https://unpkg.com/tailwindcss@^2/dist/tailwind.min.css">
  </head>

  <body class="bg-red-50 antialiased max-w-4xl mx-auto p-4 my-2">
    <h1 class="text-red-700 text-5xl text-center">
      Build Failed!
    </h1>
    <div class="mt-2">
      <div class="text-gray-700 text-center font-semibold">06 Jan 2026 09:05:56 UTC</div>
    </div>
    <div class="mt-4">
      <div class="text-red-700 bg-red-100 border border-red-200 p-4 rounded text-center font-semibold">
        Unless all site previews are broken, this is a problem with the
        <a class="underline"
          href="https://pypi.org/project/insegel/"><code>insegel</code></a>
        package.
      </div>
    </div>
    <div class="mt-4">
      <div class="text-gray-700 text-center font-semibold">Configuration</div>
      <pre class="bg-gray-50 border my-2 shadow rounded p-2 overflow-auto">{&#39;html_theme&#39;: &#39;insegel&#39;}</pre>
    </div>
    <div class="mt-4">
      <div class="text-gray-700 text-center font-semibold">Output</div>
      <pre class="bg-gray-50 border my-2 shadow rounded p-2 overflow-auto">======================================== stdout ========================================
[01mRunning Sphinx v9.1.0[39;49;00m
[01mloading translations [en]... [39;49;00mlocale_dir /home/runner/work/sphinx-themes.org/sphinx-themes.org/sample-docs/locales/en/LC_MESSAGES does not exist
locale_dir /home/runner/work/sphinx-themes.org/sphinx-themes.org/sample-docs/locales/en/LC_MESSAGES does not exist
done
[01mmaking output directory... [39;49;00mdone
locale_dir /home/runner/work/sphinx-themes.org/sphinx-themes.org/sample-docs/locales/en/LC_MESSAGES does not exist
loading intersphinx inventory &#39;sphinx&#39; from https://www.sphinx-doc.org/objects.inv ...
intersphinx inventory has moved: https://www.sphinx-doc.org/objects.inv -&gt; https://www.sphinx-doc.org/en/master/objects.inv
locale_dir /home/runner/work/sphinx-themes.org/sphinx-themes.org/sample-docs/locales/en/LC_MESSAGES does not exist
[01mbuilding [mo]: [39;49;00mtargets for 0 po files that are out of date
[01mwriting output... [39;49;00m
[01mbuilding [dirhtml]: [39;49;00mtargets for 23 source files that are out of date
[01mupdating environment: [39;49;00mlocale_dir /home/runner/work/sphinx-themes.org/sphinx-themes.org/sample-docs/locales/en/LC_MESSAGES does not exist
[new config] 23 added, 0 changed, 0 removed
[01mreading sources... [39;49;00m[  4%] [35mindex[39;49;00m
[01mreading sources... [39;49;00m[  9%] [35mkitchen-sink/admonitions[39;49;00m
[01mreading sources... [39;49;00m[ 13%] [35mkitchen-sink/api[39;49;00m
[01mreading sources... [39;49;00m[ 17%] [35mkitchen-sink/blocks[39;49;00m
[01mreading sources... [39;49;00m[ 22%] [35mkitchen-sink/domains/api_c_domain[39;49;00m
[01mreading sources... [39;49;00m[ 26%] [35mkitchen-sink/domains/api_cpp_domain[39;49;00m
[01mreading sources... [39;49;00m[ 30%] [35mkitchen-sink/domains/api_javascript_domain[39;49;00m
[01mreading sources... [39;49;00m[ 35%] [35mkitchen-sink/domains/api_python_domain[39;49;00m
[01mreading sources... [39;49;00m[ 39%] [35mkitchen-sink/domains/api_restructuredtext_domain[39;49;00m
[01mreading sources... [39;49;00m[ 43%] [35mkitchen-sink/generic[39;49;00m
[01mreading sources... [39;49;00m[ 48%] [35mkitchen-sink/images[39;49;00m
[01mreading sources... [39;49;00m[ 52%] [35mkitchen-sink/index[39;49;00m
[01mreading sources... [39;49;00m[ 57%] [35mkitchen-sink/lists[39;49;00m
[01mreading sources... [39;49;00m[ 61%] [35mkitchen-sink/really-long[39;49;00m
[01mreading sources... [39;49;00m[ 65%] [35mkitchen-sink/structure[39;49;00m
[01mreading sources... [39;49;00m[ 70%] [35mkitchen-sink/tables[39;49;00m
[01mreading sources... [39;49;00m[ 74%] [35mkitchen-sink/typography[39;49;00m
[01mreading sources... [39;49;00m[ 78%] [35mlong-page[39;49;00m
[01mreading sources... [39;49;00m[ 83%] [35mplaceholder-four[39;49;00m
[01mreading sources... [39;49;00m[ 87%] [35mplaceholder-one[39;49;00m
[01mreading sources... [39;49;00m[ 91%] [35mplaceholder-three[39;49;00m
[01mreading sources... [39;49;00m[ 96%] [35mplaceholder-two[39;49;00m
[01mreading sources... [39;49;00m[100%] [35mreally-long-title[39;49;00m

[01mlooking for now-outdated files... [39;49;00mnone found
[01mpickling environment... [39;49;00mdone
[01mchecking consistency... [39;49;00mdone
[01mpreparing documents... [39;49;00mdone
[01mcopying assets... [39;49;00m
[01mcopying static files... [39;49;00m
Writing evaluated template result to /home/runner/work/sphinx-themes.org/sphinx-themes.org/public/sample-sites/insegel/_static/language_data.js
Writing evaluated template result to /home/runner/work/sphinx-themes.org/sphinx-themes.org/public/sample-sites/insegel/_static/basic.css
Writing evaluated template result to /home/runner/work/sphinx-themes.org/sphinx-themes.org/public/sample-sites/insegel/_static/documentation_options.js
[01mcopying static files: [39;49;00mdone
[01mcopying extra files... [39;49;00m
[01mcopying extra files: [39;49;00mdone
[01mcopying assets: [39;49;00mdone
[01mwriting output... [39;49;00m[  4%] [32mindex[39;49;00m

======================================== stderr ========================================
[91m/home/runner/work/sphinx-themes.org/sphinx-themes.org/sample-docs/kitchen-sink/blocks.rst:138: WARNING: Include file &#39;/home/runner/work/sphinx-themes.org/src/furo/__init__.py&#39; not found or reading it failed [docutils][39;49;00m
[91m/home/runner/work/sphinx-themes.org/sphinx-themes.org/sample-docs/kitchen-sink/lists.rst:202: WARNING: Include file &#39;/home/runner/work/sphinx-themes.org/src/furo/__init__.py&#39; not found or reading it failed [docutils][39;49;00m

[91mTheme error![39;49;00m

Versions
========

* Platform:         linux; (Linux-6.11.0-1018-azure-x86_64-with-glibc2.39)
* Python version:   3.12.3 (CPython)
* Sphinx version:   9.1.0
* Docutils version: 0.22.4
* Jinja2 version:   3.1.6
* Pygments version: 2.19.1

Last Messages
=============

    Writing evaluated template result to /home/runner/work/sphinx-themes.org/sphinx-themes.org/public/sample-sites/insegel/_static/language_data.js
    Writing evaluated template result to /home/runner/work/sphinx-themes.org/sphinx-themes.org/public/sample-sites/insegel/_static/basic.css
    Writing evaluated template result to /home/runner/work/sphinx-themes.org/sphinx-themes.org/public/sample-sites/insegel/_static/documentation_options.js
    copying static files: done
    copying extra files...
    copying extra files: done
    copying assets: done
    writing output... [  4%]
    index

Loaded Extensions
=================

* sphinx.ext.mathjax (9.1.0)
* alabaster (1.0.0)
* sphinxcontrib.applehelp (2.0.0)
* sphinxcontrib.devhelp (2.0.0)
* sphinxcontrib.htmlhelp (2.1.0)
* sphinxcontrib.serializinghtml (2.0.0)
* sphinxcontrib.qthelp (2.0.0)
* sphinx.ext.autodoc (9.1.0)
* sphinx.ext.extlinks (9.1.0)
* sphinx.ext.intersphinx (9.1.0)
* sphinx.ext.napoleon (9.1.0)
* sphinx.ext.todo (9.1.0)
* sphinx.ext.viewcode (9.1.0)
* insegel (0.3.0)

Traceback
=========

    Traceback (most recent call last):
      File &#34;/home/runner/work/sphinx-themes.org/sphinx-themes.org/.nox/publish/lib/python3.12/site-packages/sphinx/builders/html/__init__.py&#34;, line 1209, in handle_page
      File &#34;/home/runner/work/sphinx-themes.org/sphinx-themes.org/.nox/publish/lib/python3.12/site-packages/sphinx/jinja2glue.py&#34;, line 216, in render
      File &#34;/home/runner/work/sphinx-themes.org/sphinx-themes.org/.nox/publish/lib/python3.12/site-packages/jinja2/environment.py&#34;, line 1016, in get_template
        return self._load_template(name, globals)
               ^^^^^^^^^^^^^^^^^^^^^^^^^^^^^^^^^^
      File &#34;/home/runner/work/sphinx-themes.org/sphinx-themes.org/.nox/publish/lib/python3.12/site-packages/jinja2/environment.py&#34;, line 975, in _load_template
        template = self.loader.load(self, name, self.make_globals(globals))
                   ^^^^^^^^^^^^^^^^^^^^^^^^^^^^^^^^^^^^^^^^^^^^^^^^^^^^^^^^
      File &#34;/home/runner/work/sphinx-themes.org/sphinx-themes.org/.nox/publish/lib/python3.12/site-packages/jinja2/loaders.py&#34;, line 126, in load
        source, filename, uptodate = self.get_source(environment, name)
                                     ^^^^^^^^^^^^^^^^^^^^^^^^^^^^^^^^^^
      File &#34;/home/runner/work/sphinx-themes.org/sphinx-themes.org/.nox/publish/lib/python3.12/site-packages/sphinx/jinja2glue.py&#34;, line 252, in get_source
    jinja2.exceptions.TemplateNotFound: &#39;page.html&#39; not found in [_StrPath(&#39;/home/runner/work/sphinx-themes.org/sphinx-themes.org/.nox/publish/lib/python3.12/site-packages/insegel&#39;), _StrPath(&#39;/home/runner/work/sphinx-themes.org/sphinx-themes.org/.nox/publish/lib/python3.12/site-packages/sphinx/themes/basic&#39;)]
    
    The above exception was the direct cause of the following exception:
    
    Traceback (most recent call last):
      File &#34;/home/runner/work/sphinx-themes.org/sphinx-themes.org/.nox/publish/lib/python3.12/site-packages/sphinx/cmd/build.py&#34;, line 432, in build_main
      File &#34;/home/runner/work/sphinx-themes.org/sphinx-themes.org/.nox/publish/lib/python3.12/site-packages/sphinx/application.py&#34;, line 442, in build
      File &#34;/home/runner/work/sphinx-themes.org/sphinx-themes.org/.nox/publish/lib/python3.12/site-packages/sphinx/builders/__init__.py&#34;, line 381, in build_update
      File &#34;/home/runner/work/sphinx-themes.org/sphinx-themes.org/.nox/publish/lib/python3.12/site-packages/sphinx/builders/__init__.py&#34;, line 460, in build
      File &#34;/home/runner/work/sphinx-themes.org/sphinx-themes.org/.nox/publish/lib/python3.12/site-packages/sphinx/builders/__init__.py&#34;, line 748, in write
      File &#34;/home/runner/work/sphinx-themes.org/sphinx-themes.org/.nox/publish/lib/python3.12/site-packages/sphinx/builders/__init__.py&#34;, line 762, in write_documents
      File &#34;/home/runner/work/sphinx-themes.org/sphinx-themes.org/.nox/publish/lib/python3.12/site-packages/sphinx/builders/__init__.py&#34;, line 777, in _write_serial
      File &#34;/home/runner/work/sphinx-themes.org/sphinx-themes.org/.nox/publish/lib/python3.12/site-packages/sphinx/builders/__init__.py&#34;, line 890, in _write_docname
      File &#34;/home/runner/work/sphinx-themes.org/sphinx-themes.org/.nox/publish/lib/python3.12/site-packages/sphinx/builders/html/__init__.py&#34;, line 665, in write_doc
      File &#34;/home/runner/work/sphinx-themes.org/sphinx-themes.org/.nox/publish/lib/python3.12/site-packages/sphinx/builders/html/__init__.py&#34;, line 1238, in handle_page
    sphinx.errors.ThemeError: An error happened in rendering the page index.
    Reason: TemplateNotFound(&#34;&#39;page.html&#39; not found in [_StrPath(&#39;/home/runner/work/sphinx-themes.org/sphinx-themes.org/.nox/publish/lib/python3.12/site-packages/insegel&#39;), _StrPath(&#39;/home/runner/work/sphinx-themes.org/sphinx-themes.org/.nox/publish/lib/python3.12/site-packages/sphinx/themes/basic&#39;)]&#34;)


The full traceback has been saved in:
/tmp/sphinx-err-gvc84is0.log

To report this error to the developers, please open an issue at &lt;https://github.com/sphinx-doc/sphinx/issues/&gt;. Thanks!
Please also report this if it was a user error, so that a better error message can be provided next time.
</pre>
    </div>
  </body>

</html>